<?xml version="1.0" encoding="UTF-8"?>
<!-- Generated by org.testng.reporters.JUnitReportReporter -->
<testsuite hostname="DESKTOP-44N51N3" failures="0" tests="2" name="ui.Login" time="0.012" errors="0" timestamp="2023-07-13T10:22:02 PDT" skipped="0">
  <testcase classname="ui.Login" name="bloginTest" time="0.009"/>
  <testcase classname="ui.Login" name="alogout" time="0.003"/>
</testsuite> <!-- ui.Login -->
